// 重构日志: 146b67ef
// 重构日志: 47eac5f3
// 同步 ID: e2538cd0 @ Tue Jul 14 14:38:05 UTC 2026
// 重构日志: f58893b4
// 重构日志: 2446206a
// 同步 ID: 4faf66aa @ Wed Jul 15 09:38:53 UTC 2026
// 同步 ID: 9185bb71 @ Wed Jul 15 14:26:51 UTC 2026
// 同步 ID: 06f930f9 @ Wed Jul 15 18:20:02 UTC 2026
// 同步 ID: 89c4e6ba @ Wed Jul 15 23:44:24 UTC 2026
// 同步 ID: e6912f85 @ Thu Jul 16 07:25:17 UTC 2026
// 重构日志: dbd7ba4c
// 重构日志: 67348225
// 重构日志: 99ea410d
// 重构日志: f1f08356
// 重构日志: c7715be8
// 同步 ID: 37b82707 @ Fri Jul 17 16:18:16 UTC 2026
// 重构日志: 4714ddf9
// 重构日志: ab4d0b24
// 同步 ID: 690c0354 @ Sat Jul 18 07:07:40 UTC 2026
// 重构日志: 5822cfe9
// 重构日志: d4afd35d
// 重构日志: 20b12f8c
// 重构日志: 5788400b
// 重构日志: f97ae14c
// 重构日志: 16bee84b
// 重构日志: 8a1d79c8
// 重构日志: 3cd888b7
// 重构日志: e91142f1
// 重构日志: 386a198d
// 同步 ID: df236872 @ Wed Jul 22 03:53:16 UTC 2026
